Flow report for parte_C
Fri Nov 25 21:35:26 2022
Quartus II 64-Bit Version 13.0.1 Build 232 06/12/2013 Service Pack 1 SJ Web Edition


---------------------
; Table of Contents ;
---------------------
  1. Legal Notice
  2. Flow Summary
  3. Flow Settings
  4. Flow Non-Default Global Settings
  5. Flow Elapsed Time
  6. Flow OS Summary
  7. Flow Log
  8. Flow Messages
  9. Flow Suppressed Messages



----------------
; Legal Notice ;
----------------
Copyright (C) 1991-2013 Altera Corporation
Your use of Altera Corporation's design tools, logic functions 
and other software and tools, and its AMPP partner logic 
functions, and any output files from any of the foregoing 
(including device programming or simulation files), and any 
associated documentation or information are expressly subject 
to the terms and conditions of the Altera Program License 
Subscription Agreement, Altera MegaCore Function License 
Agreement, or other applicable license agreement, including, 
without limitation, that your use is for the sole purpose of 
programming logic devices manufactured by Altera and sold by 
Altera or its authorized distributors.  Please refer to the 
applicable agreement for further details.



+--------------------------------------------------------------------------------------+
; Flow Summary                                                                         ;
+------------------------------------+-------------------------------------------------+
; Flow Status                        ; Successful - Fri Nov 25 21:35:26 2022           ;
; Quartus II 64-Bit Version          ; 13.0.1 Build 232 06/12/2013 SP 1 SJ Web Edition ;
; Revision Name                      ; parte_C                                         ;
; Top-level Entity Name              ; parte_C                                         ;
; Family                             ; Cyclone III                                     ;
; Device                             ; EP3C120F780C7                                   ;
; Timing Models                      ; Final                                           ;
; Total logic elements               ; 2 / 119,088 ( < 1 % )                           ;
;     Total combinational functions  ; 2 / 119,088 ( < 1 % )                           ;
;     Dedicated logic registers      ; 0 / 119,088 ( 0 % )                             ;
; Total registers                    ; 0                                               ;
; Total pins                         ; 5 / 532 ( < 1 % )                               ;
; Total virtual pins                 ; 0                                               ;
; Total memory bits                  ; 0 / 3,981,312 ( 0 % )                           ;
; Embedded Multiplier 9-bit elements ; 0 / 576 ( 0 % )                                 ;
; Total PLLs                         ; 0 / 4 ( 0 % )                                   ;
+------------------------------------+-------------------------------------------------+


+-----------------------------------------+
; Flow Settings                           ;
+-------------------+---------------------+
; Option            ; Setting             ;
+-------------------+---------------------+
; Start date & time ; 11/25/2022 21:08:43 ;
; Main task         ; Compilation         ;
; Revision Name     ; parte_C             ;
+-------------------+---------------------+


+-------------------------------------------------------------------------------------------------------------------------+
; Flow Non-Default Global Settings                                                                                        ;
+--------------------------------------+--------------------------------+---------------+-------------+-------------------+
; Assignment Name                      ; Value                          ; Default Value ; Entity Name ; Section Id        ;
+--------------------------------------+--------------------------------+---------------+-------------+-------------------+
; COMPILER_SIGNATURE_ID                ; 88972151940208.166942132208760 ; --            ; --          ; --                ;
; EDA_DESIGN_INSTANCE_NAME             ; UUT                            ; --            ; --          ; Parte_C_TestBench ;
; EDA_GENERATE_FUNCTIONAL_NETLIST      ; On                             ; --            ; --          ; eda_simulation    ;
; EDA_NATIVELINK_SIMULATION_TEST_BENCH ; Parte_C_TestBench              ; --            ; --          ; eda_simulation    ;
; EDA_OUTPUT_DATA_FORMAT               ; Vhdl                           ; --            ; --          ; eda_simulation    ;
; EDA_SIMULATION_TOOL                  ; ModelSim-Altera (VHDL)         ; <None>        ; --          ; --                ;
; EDA_TEST_BENCH_ENABLE_STATUS         ; TEST_BENCH_MODE                ; --            ; --          ; eda_simulation    ;
; EDA_TEST_BENCH_FILE                  ; PARTE_C_DIAGRAMA_TestBench.vhd ; --            ; --          ; Parte_C_TestBench ;
; EDA_TEST_BENCH_MODULE_NAME           ; Parte_C_TestBench              ; --            ; --          ; Parte_C_TestBench ;
; EDA_TEST_BENCH_NAME                  ; Parte_C_TestBench              ; --            ; --          ; eda_simulation    ;
; EDA_TIME_SCALE                       ; 1 ps                           ; --            ; --          ; eda_simulation    ;
; MAX_CORE_JUNCTION_TEMP               ; 85                             ; --            ; --          ; --                ;
; MIN_CORE_JUNCTION_TEMP               ; 0                              ; --            ; --          ; --                ;
; NOMINAL_CORE_SUPPLY_VOLTAGE          ; 1.2V                           ; --            ; --          ; --                ;
; PARTITION_COLOR                      ; 16764057                       ; --            ; --          ; Top               ;
; PARTITION_FITTER_PRESERVATION_LEVEL  ; PLACEMENT_AND_ROUTING          ; --            ; --          ; Top               ;
; PARTITION_NETLIST_TYPE               ; SOURCE                         ; --            ; --          ; Top               ;
; PROJECT_OUTPUT_DIRECTORY             ; output_files                   ; --            ; --          ; --                ;
+--------------------------------------+--------------------------------+---------------+-------------+-------------------+


+-------------------------------------------------------------------------------------------------------------------------------+
; Flow Elapsed Time                                                                                                             ;
+---------------------------+--------------+-------------------------+---------------------+------------------------------------+
; Module Name               ; Elapsed Time ; Average Processors Used ; Peak Virtual Memory ; Total CPU Time (on all processors) ;
+---------------------------+--------------+-------------------------+---------------------+------------------------------------+
; Analysis & Synthesis      ; 00:00:05     ; 1.0                     ; 4636 MB             ; 00:00:01                           ;
; Fitter                    ; 00:00:15     ; 1.0                     ; 5043 MB             ; 00:00:10                           ;
; Assembler                 ; 00:00:04     ; 1.0                     ; 4558 MB             ; 00:00:03                           ;
; TimeQuest Timing Analyzer ; 00:00:03     ; 1.0                     ; 4647 MB             ; 00:00:02                           ;
; EDA Netlist Writer        ; 00:00:00     ; 1.0                     ; 4510 MB             ; 00:00:00                           ;
; EDA Netlist Writer        ; 00:00:01     ; 1.0                     ; 4518 MB             ; 00:00:00                           ;
; Total                     ; 00:00:28     ; --                      ; --                  ; 00:00:16                           ;
+---------------------------+--------------+-------------------------+---------------------+------------------------------------+


+----------------------------------------------------------------------------------------+
; Flow OS Summary                                                                        ;
+---------------------------+------------------+-----------+------------+----------------+
; Module Name               ; Machine Hostname ; OS Name   ; OS Version ; Processor type ;
+---------------------------+------------------+-----------+------------+----------------+
; Analysis & Synthesis      ; DESKTOP-6LCN0CQ  ; Windows 7 ; 6.2        ; x86_64         ;
; Fitter                    ; DESKTOP-6LCN0CQ  ; Windows 7 ; 6.2        ; x86_64         ;
; Assembler                 ; DESKTOP-6LCN0CQ  ; Windows 7 ; 6.2        ; x86_64         ;
; TimeQuest Timing Analyzer ; DESKTOP-6LCN0CQ  ; Windows 7 ; 6.2        ; x86_64         ;
; EDA Netlist Writer        ; DESKTOP-6LCN0CQ  ; Windows 7 ; 6.2        ; x86_64         ;
; EDA Netlist Writer        ; DESKTOP-6LCN0CQ  ; Windows 7 ; 6.2        ; x86_64         ;
+---------------------------+------------------+-----------+------------+----------------+


------------
; Flow Log ;
------------
quartus_map --read_settings_files=on --write_settings_files=off parte_C -c parte_C
quartus_fit --read_settings_files=off --write_settings_files=off parte_C -c parte_C
quartus_asm --read_settings_files=off --write_settings_files=off parte_C -c parte_C
quartus_sta parte_C -c parte_C
quartus_eda --read_settings_files=off --write_settings_files=off parte_C -c parte_C
quartus_eda --gen_testbench --check_outputs=on --tool=modelsim_oem --format=verilog parte_C -c parte_C --vector_source="C:/Users/Win10/Desktop/Tata FACU/(2022 2C) Tecnicas y dispositivos digitales 2/Laboratorio TYDD2 CANO ANDRES/parte_C/Waveform.vwf" --testbench_file=./simulation/qsim/parte_C.vt



